[23:16:56] [main/INFO] (Launcher) ModLauncher running: args [--launchTarget, forgeclientuserdev, --version, 20.6.75-beta, --assetIndex, 1.20.6-16, --assetsDir, C:\Users\mimic\.gradle\caches\fabric-loom\assets, --gameDir, ., --fml.neoForgeVersion, 20.6.75-beta, --fml.fmlVersion, 3.0.29, --fml.mcVersion, 1.20.6, --fml.neoFormVersion, 20240429.153634]
[23:16:56] [main/INFO] (Launcher) JVM identified as Oracle Corporation Java HotSpot(TM) 64-Bit Server VM 21.0.3+7-LTS-152
[23:16:56] [main/INFO] (Launcher) ModLauncher 11.0.2+main.4612c65f starting: java version 21.0.3 by Oracle Corporation; OS Windows 10 arch amd64 version 10.0
[23:16:56] [main/WARN] (FMLConfig) Configuration file C:\Users\mimic\IdeaProjects\rfm\neoforge\run\config\fml.toml is not correct. Correcting
[23:16:56] [main/INFO] (FMLConfig) Incorrect key [disableConfigWatcher] was corrected from null to false
[23:16:56] [main/INFO] (FMLConfig) Incorrect key [earlyWindowSkipGLVersions] was corrected from null to []
[23:16:56] [main/INFO] (FMLConfig) Incorrect key [earlyWindowSquir] was corrected from null to false
[23:16:56] [main/INFO] (ImmediateWindowHandler) Loading ImmediateWindowProvider fmlearlywindow
[23:16:56] [main/INFO] (EARLYDISPLAY) Trying GL version 4.6
[23:16:57] [main/INFO] (EARLYDISPLAY) Requested GL version 4.6 got version 4.6
[23:16:57] [main/INFO] (mixin) SpongePowered MIXIN Subsystem Version=0.8.5 Source=union:/C:/Users/mimic/.gradle/caches/modules-2/files-2.1/net.fabricmc/sponge-mixin/0.13.4+mixin.0.8.5/8adf0cff1795a169141b9e16ad7b9f6e2527a990/sponge-mixin-0.13.4+mixin.0.8.5.jar%23126!/ Service=ModLauncher Env=CLIENT
[23:16:57] [main/INFO] (ModDiscoverer) Found mod file "neoforge-20.6.75-beta-minecraft-merged-1.20.6-loom.mappings.1_20_6.layered+hash.40545-v2-neoforge-20.6.75-beta.jar" [locator: neoforge devenv provider ([C:\Users\mimic\.gradle\caches\fabric-loom\minecraftMaven\net\minecraft\neoforge-20.6.75-beta-minecraft-merged\1.20.6-loom.mappings.1_20_6.layered+hash.40545-v2-neoforge-20.6.75-beta\neoforge-20.6.75-beta-minecraft-merged-1.20.6-loom.mappings.1_20_6.layered+hash.40545-v2-neoforge-20.6.75-beta.jar])]
[23:16:57] [main/INFO] (ModDiscoverer) Found mod file "neoforge-20.6.75-beta-minecraft-merged-1.20.6-loom.mappings.1_20_6.layered+hash.40545-v2-neoforge-20.6.75-beta.jar" [locator: neoforge devenv provider ([C:\Users\mimic\.gradle\caches\fabric-loom\minecraftMaven\net\minecraft\neoforge-20.6.75-beta-minecraft-merged\1.20.6-loom.mappings.1_20_6.layered+hash.40545-v2-neoforge-20.6.75-beta\neoforge-20.6.75-beta-minecraft-merged-1.20.6-loom.mappings.1_20_6.layered+hash.40545-v2-neoforge-20.6.75-beta.jar])]
[23:16:57] [main/INFO] (ModDiscoverer) Found mod file "main" [locator: userdev mods and services, reader: mod manifest]
[23:16:57] [main/INFO] (ModDiscoverer) Found mod file "neoforge-20.6.75-beta-minecraft-merged-1.20.6-loom.mappings.1_20_6.layered+hash.40545-v2-neoforge-20.6.75-beta.jar" [locator: userdev mods and services, reader: mod manifest]
[23:16:57] [pool-5-thread-1/INFO] (EARLYDISPLAY) GL info: NVIDIA GeForce GTX 1660 SUPER/PCIe/SSE2 GL version 4.6.0 NVIDIA 552.22, NVIDIA Corporation
[23:16:57] [main/INFO] (ModDiscoverer) Found mod file "architectury-neoforge-12.1.2.jar" [locator: userdev mods and services, reader: mod manifest]
[23:16:57] [main/INFO] (ModDiscoverer) Found mod file "8744219343944270093.jar" [locator: userdev mods and services, reader: mod manifest]
[23:16:57] [main/INFO] (ModDiscoverer) Found gamelibrary file "mixinextras-neoforge-0.3.5.jar" [locator: userdev mods and services, reader: mod manifest]
[23:16:57] [main/WARN] (JarSelector) Attempted to select a dependency jar for JarJar which was passed in as source: mixinextras-neoforge-0.3.5.jar. Using Mod File: C:\Users\mimic\.gradle\caches\modules-2\files-2.1\io.github.llamalad7\mixinextras-neoforge\0.3.5\ef3ffcf309dae656517b2f120189b1c9b21737dd\mixinextras-neoforge-0.3.5.jar
[23:16:57] [main/INFO] (JarInJarDependencyLocator) No dependencies to load found. Skipping!
[23:16:58] [main/INFO] (mixin) Compatibility level set to JAVA_21
[23:16:58] [main/INFO] (LaunchServiceHandler) Launching target 'forgeclientuserdev' with arguments [--version, 20.6.75-beta, --gameDir, ., --assetsDir, C:\Users\mimic\.gradle\caches\fabric-loom\assets, --assetIndex, 1.20.6-16]
[23:16:58] [main/INFO] (unprotect) Found 8191 Minecraft classes
[23:16:59] [main/INFO] (MixinExtras|Service) Initializing MixinExtras via com.llamalad7.mixinextras.service.MixinExtrasServiceImpl(version=0.3.5).
[086월2024 23:17:03.916] [Datafixer Bootstrap/INFO] [com.mojang.datafixers.DataFixerBuilder/]: 225 Datafixer optimizations took 246 milliseconds
[086월2024 23:17:06.527] [main/WARN] [net.minecraft.commands.Commands/]: Ambiguity between arguments [teleport, location] and [teleport, destination] with inputs: [0.1 -0.5 .9, 0 0 0]
[086월2024 23:17:06.529] [main/WARN] [net.minecraft.commands.Commands/]: Ambiguity between arguments [teleport, location] and [teleport, targets] with inputs: [0.1 -0.5 .9, 0 0 0]
[086월2024 23:17:06.531] [main/WARN] [net.minecraft.commands.Commands/]: Ambiguity between arguments [teleport, destination] and [teleport, targets] with inputs: [Player, 0123, @e, dd12be42-52a9-4a91-a8a1-11c01849e498]
[086월2024 23:17:06.533] [main/WARN] [net.minecraft.commands.Commands/]: Ambiguity between arguments [teleport, targets] and [teleport, destination] with inputs: [Player, 0123, dd12be42-52a9-4a91-a8a1-11c01849e498]
[086월2024 23:17:06.534] [main/WARN] [net.minecraft.commands.Commands/]: Ambiguity between arguments [teleport, targets, location] and [teleport, targets, destination] with inputs: [0.1 -0.5 .9, 0 0 0]
[086월2024 23:17:06.653] [Render thread/WARN] [net.minecraft.server.packs.VanillaPackResourcesBuilder/]: Assets URL 'union:/C:/Users/mimic/.gradle/caches/fabric-loom/minecraftMaven/net/minecraft/neoforge-20.6.75-beta-minecraft-merged/1.20.6-loom.mappings.1_20_6.layered+hash.40545-v2-neoforge-20.6.75-beta/neoforge-20.6.75-beta-minecraft-merged-1.20.6-loom.mappings.1_20_6.layered+hash.40545-v2-neoforge-20.6.75-beta.jar%23196!/assets/.mcassetsroot' uses unexpected schema
[086월2024 23:17:06.654] [Render thread/WARN] [net.minecraft.server.packs.VanillaPackResourcesBuilder/]: Assets URL 'union:/C:/Users/mimic/.gradle/caches/fabric-loom/minecraftMaven/net/minecraft/neoforge-20.6.75-beta-minecraft-merged/1.20.6-loom.mappings.1_20_6.layered+hash.40545-v2-neoforge-20.6.75-beta/neoforge-20.6.75-beta-minecraft-merged-1.20.6-loom.mappings.1_20_6.layered+hash.40545-v2-neoforge-20.6.75-beta.jar%23196!/data/.mcassetsroot' uses unexpected schema
[086월2024 23:17:06.677] [Render thread/INFO] [com.mojang.authlib.yggdrasil.YggdrasilAuthenticationService/]: Environment: Environment[sessionHost=https://sessionserver.mojang.com, servicesHost=https://api.minecraftservices.com, name=PROD]
[086월2024 23:17:06.686] [Render thread/INFO] [net.minecraft.client.Minecraft/]: Setting user: Dev
[086월2024 23:17:06.748] [Render thread/INFO] [net.minecraft.client.Minecraft/]: Backend library: LWJGL version 3.3.3+5
[086월2024 23:17:07.004] [modloading-worker-0/INFO] [net.neoforged.neoforge.common.NeoForgeMod/NEOFORGE-MOD]: NeoForge mod loading, version 20.6.75-beta, for MC 1.20.6
[086월2024 23:17:07.224] [modloading-sync-worker/ERROR] [net.neoforged.fml.javafmlmod.FMLModContainer/]: Exception caught during firing event: Registry Object not present: rfm:fire_pit
	Index: 0
	Listeners:
		0: net.neoforged.bus.EventListenerFactory$handleEvent/0x00000188dbf70400@1771a83f
java.lang.NullPointerException: Registry Object not present: rfm:fire_pit
	at TRANSFORMER/architectury@12.1.2/dev.architectury.registry.registries.DeferredRegister$Entry.get(DeferredRegister.java:144)
	at TRANSFORMER/generated_7a9c61d@1/dev.newkini.core.common.registry.ItemRegistry.lambda$static$1(ItemRegistry.java:17)
	at TRANSFORMER/architectury@12.1.2/dev.architectury.registry.registries.forge.RegistrarManagerImpl$Data.lambda$register$0(RegistrarManagerImpl.java:75)
	at TRANSFORMER/architectury@12.1.2/dev.architectury.registry.registries.forge.RegistrarManagerImpl$RegistryProviderImpl$EventListener.lambda$registerFor$0(RegistrarManagerImpl.java:159)
	at TRANSFORMER/neoforge@20.6.75-beta/net.neoforged.neoforge.registries.RegisterEvent.register(RegisterEvent.java:62)
	at TRANSFORMER/architectury@12.1.2/dev.architectury.registry.registries.forge.RegistrarManagerImpl$RegistryProviderImpl$EventListener.registerFor(RegistrarManagerImpl.java:154)
	at TRANSFORMER/architectury@12.1.2/dev.architectury.registry.registries.forge.RegistrarManagerImpl$RegistryProviderImpl$EventListener.handleEvent(RegistrarManagerImpl.java:148)
	at MC-BOOTSTRAP/net.neoforged.bus/net.neoforged.bus.EventBus.post(EventBus.java:386)
	at MC-BOOTSTRAP/net.neoforged.bus/net.neoforged.bus.EventBus.post(EventBus.java:365)
	at MC-BOOTSTRAP/fml_loader@3.0.29/net.neoforged.fml.ModContainer.acceptEvent(ModContainer.java:183)
	at MC-BOOTSTRAP/fml_loader@3.0.29/net.neoforged.fml.ModLoader.lambda$postEventWithWrapInModOrder$16(ModLoader.java:354)
	at java.base/java.lang.Iterable.forEach(Iterable.java:75)
	at MC-BOOTSTRAP/fml_loader@3.0.29/net.neoforged.fml.ModList.forEachModInOrder(ModList.java:164)
	at MC-BOOTSTRAP/fml_loader@3.0.29/net.neoforged.fml.ModLoader.postEventWithWrapInModOrder(ModLoader.java:352)
	at MC-BOOTSTRAP/fml_loader@3.0.29/net.neoforged.fml.ModLoader.postEventWrapContainerInModOrder(ModLoader.java:343)
	at TRANSFORMER/neoforge@20.6.75-beta/net.neoforged.neoforge.registries.GameData.postRegisterEvents(GameData.java:89)
	at TRANSFORMER/neoforge@20.6.75-beta/net.neoforged.neoforge.internal.CommonModLoader.lambda$begin$0(CommonModLoader.java:52)
	at java.base/java.util.concurrent.CompletableFuture$AsyncRun.run$$$capture(CompletableFuture.java:1804)
	at java.base/java.util.concurrent.CompletableFuture$AsyncRun.run(CompletableFuture.java)
	at java.base/java.util.concurrent.ThreadPoolExecutor.runWorker(ThreadPoolExecutor.java:1144)
	at java.base/java.util.concurrent.ThreadPoolExecutor$Worker.run(ThreadPoolExecutor.java:642)
	at java.base/java.lang.Thread.run(Thread.java:1583)

[086월2024 23:17:07.226] [modloading-sync-worker/ERROR] [net.neoforged.fml.ModContainer/LOADING]: Caught exception during event net.neoforged.neoforge.registries.RegisterEvent@5e187902 dispatch for modid rfm
java.lang.NullPointerException: Registry Object not present: rfm:fire_pit
	at TRANSFORMER/architectury@12.1.2/dev.architectury.registry.registries.DeferredRegister$Entry.get(DeferredRegister.java:144) ~[architectury-neoforge-12.1.2.jar%23200!/:?]
	at TRANSFORMER/generated_7a9c61d@1/dev.newkini.core.common.registry.ItemRegistry.lambda$static$1(ItemRegistry.java:17) ~[8744219343944270093.jar%23201!/:?]
	at TRANSFORMER/architectury@12.1.2/dev.architectury.registry.registries.forge.RegistrarManagerImpl$Data.lambda$register$0(RegistrarManagerImpl.java:75) ~[architectury-neoforge-12.1.2.jar%23200!/:?]
	at TRANSFORMER/architectury@12.1.2/dev.architectury.registry.registries.forge.RegistrarManagerImpl$RegistryProviderImpl$EventListener.lambda$registerFor$0(RegistrarManagerImpl.java:159) ~[architectury-neoforge-12.1.2.jar%23200!/:?]
	at TRANSFORMER/neoforge@20.6.75-beta/net.neoforged.neoforge.registries.RegisterEvent.register(RegisterEvent.java:62) ~[neoforge-20.6.75-beta-minecraft-merged-1.20.6-loom.mappings.1_20_6.layered+hash.40545-v2-neoforge-20.6.75-beta.jar%23197!/:?]
	at TRANSFORMER/architectury@12.1.2/dev.architectury.registry.registries.forge.RegistrarManagerImpl$RegistryProviderImpl$EventListener.registerFor(RegistrarManagerImpl.java:154) ~[architectury-neoforge-12.1.2.jar%23200!/:?]
	at TRANSFORMER/architectury@12.1.2/dev.architectury.registry.registries.forge.RegistrarManagerImpl$RegistryProviderImpl$EventListener.handleEvent(RegistrarManagerImpl.java:148) ~[architectury-neoforge-12.1.2.jar%23200!/:?]
	at MC-BOOTSTRAP/net.neoforged.bus/net.neoforged.bus.EventBus.post(EventBus.java:386) ~[bus-7.2.0.jar%23113!/:?]
	at MC-BOOTSTRAP/net.neoforged.bus/net.neoforged.bus.EventBus.post(EventBus.java:365) ~[bus-7.2.0.jar%23113!/:?]
	at MC-BOOTSTRAP/fml_loader@3.0.29/net.neoforged.fml.ModContainer.acceptEvent(ModContainer.java:183) ~[loader-3.0.29.jar%23106!/:3.0]
	at MC-BOOTSTRAP/fml_loader@3.0.29/net.neoforged.fml.ModLoader.lambda$postEventWithWrapInModOrder$16(ModLoader.java:354) ~[loader-3.0.29.jar%23106!/:3.0]
	at java.base/java.lang.Iterable.forEach(Iterable.java:75) ~[?:?]
	at MC-BOOTSTRAP/fml_loader@3.0.29/net.neoforged.fml.ModList.forEachModInOrder(ModList.java:164) ~[loader-3.0.29.jar%23106!/:3.0]
	at MC-BOOTSTRAP/fml_loader@3.0.29/net.neoforged.fml.ModLoader.postEventWithWrapInModOrder(ModLoader.java:352) ~[loader-3.0.29.jar%23106!/:3.0]
	at MC-BOOTSTRAP/fml_loader@3.0.29/net.neoforged.fml.ModLoader.postEventWrapContainerInModOrder(ModLoader.java:343) ~[loader-3.0.29.jar%23106!/:3.0]
	at TRANSFORMER/neoforge@20.6.75-beta/net.neoforged.neoforge.registries.GameData.postRegisterEvents(GameData.java:89) ~[neoforge-20.6.75-beta-minecraft-merged-1.20.6-loom.mappings.1_20_6.layered+hash.40545-v2-neoforge-20.6.75-beta.jar%23197!/:?]
	at TRANSFORMER/neoforge@20.6.75-beta/net.neoforged.neoforge.internal.CommonModLoader.lambda$begin$0(CommonModLoader.java:52) ~[neoforge-20.6.75-beta-minecraft-merged-1.20.6-loom.mappings.1_20_6.layered+hash.40545-v2-neoforge-20.6.75-beta.jar%23197!/:?]
	at java.base/java.util.concurrent.CompletableFuture$AsyncRun.run$$$capture(CompletableFuture.java:1804) ~[?:?]
	at java.base/java.util.concurrent.CompletableFuture$AsyncRun.run(CompletableFuture.java) ~[?:?]
	at java.base/java.util.concurrent.ThreadPoolExecutor.runWorker(ThreadPoolExecutor.java:1144) ~[?:?]
	at java.base/java.util.concurrent.ThreadPoolExecutor$Worker.run(ThreadPoolExecutor.java:642) ~[?:?]
	at java.base/java.lang.Thread.run(Thread.java:1583) [?:?]
[086월2024 23:17:07.284] [modloading-sync-worker/ERROR] [net.neoforged.neoforge.registries.GameData/]: Failed to register some entries, see suppressed exceptions for details
java.lang.RuntimeException: null
	at TRANSFORMER/neoforge@20.6.75-beta/net.neoforged.neoforge.registries.GameData.postRegisterEvents(GameData.java:80) ~[neoforge-20.6.75-beta-minecraft-merged-1.20.6-loom.mappings.1_20_6.layered+hash.40545-v2-neoforge-20.6.75-beta.jar%23197!/:?]
	at TRANSFORMER/neoforge@20.6.75-beta/net.neoforged.neoforge.internal.CommonModLoader.lambda$begin$0(CommonModLoader.java:52) ~[neoforge-20.6.75-beta-minecraft-merged-1.20.6-loom.mappings.1_20_6.layered+hash.40545-v2-neoforge-20.6.75-beta.jar%23197!/:?]
	at java.base/java.util.concurrent.CompletableFuture$AsyncRun.run$$$capture(CompletableFuture.java:1804) ~[?:?]
	at java.base/java.util.concurrent.CompletableFuture$AsyncRun.run(CompletableFuture.java) ~[?:?]
	at java.base/java.util.concurrent.ThreadPoolExecutor.runWorker(ThreadPoolExecutor.java:1144) ~[?:?]
	at java.base/java.util.concurrent.ThreadPoolExecutor$Worker.run(ThreadPoolExecutor.java:642) ~[?:?]
	at java.base/java.lang.Thread.run(Thread.java:1583) [?:?]
	Suppressed: net.neoforged.fml.ModLoadingException: Loading errors encountered: [
	fml.modloading.errorduringevent
]
		at MC-BOOTSTRAP/fml_loader@3.0.29/net.neoforged.fml.ModContainer.acceptEvent(ModContainer.java:187) ~[loader-3.0.29.jar%23106!/:3.0]
		at MC-BOOTSTRAP/fml_loader@3.0.29/net.neoforged.fml.ModLoader.lambda$postEventWithWrapInModOrder$16(ModLoader.java:354) ~[loader-3.0.29.jar%23106!/:3.0]
		at java.base/java.lang.Iterable.forEach(Iterable.java:75) ~[?:?]
		at MC-BOOTSTRAP/fml_loader@3.0.29/net.neoforged.fml.ModList.forEachModInOrder(ModList.java:164) ~[loader-3.0.29.jar%23106!/:3.0]
		at MC-BOOTSTRAP/fml_loader@3.0.29/net.neoforged.fml.ModLoader.postEventWithWrapInModOrder(ModLoader.java:352) ~[loader-3.0.29.jar%23106!/:3.0]
		at MC-BOOTSTRAP/fml_loader@3.0.29/net.neoforged.fml.ModLoader.postEventWrapContainerInModOrder(ModLoader.java:343) ~[loader-3.0.29.jar%23106!/:3.0]
		at TRANSFORMER/neoforge@20.6.75-beta/net.neoforged.neoforge.registries.GameData.postRegisterEvents(GameData.java:89) ~[neoforge-20.6.75-beta-minecraft-merged-1.20.6-loom.mappings.1_20_6.layered+hash.40545-v2-neoforge-20.6.75-beta.jar%23197!/:?]
		at TRANSFORMER/neoforge@20.6.75-beta/net.neoforged.neoforge.internal.CommonModLoader.lambda$begin$0(CommonModLoader.java:52) ~[neoforge-20.6.75-beta-minecraft-merged-1.20.6-loom.mappings.1_20_6.layered+hash.40545-v2-neoforge-20.6.75-beta.jar%23197!/:?]
		at java.base/java.util.concurrent.CompletableFuture$AsyncRun.run$$$capture(CompletableFuture.java:1804) ~[?:?]
		at java.base/java.util.concurrent.CompletableFuture$AsyncRun.run(CompletableFuture.java) ~[?:?]
		at java.base/java.util.concurrent.ThreadPoolExecutor.runWorker(ThreadPoolExecutor.java:1144) ~[?:?]
		at java.base/java.util.concurrent.ThreadPoolExecutor$Worker.run(ThreadPoolExecutor.java:642) ~[?:?]
		at java.base/java.lang.Thread.run(Thread.java:1583) [?:?]
[086월2024 23:17:07.286] [modloading-sync-worker/ERROR] [net.neoforged.neoforge.registries.GameData/]: Rolling back to VANILLA state
[086월2024 23:17:07.720] [Render thread/FATAL] [net.neoforged.fml.ModLoader/LOADING]: Failed to wait for future Registry initialization, 1 errors found
[086월2024 23:17:07.827] [Render thread/ERROR] [net.neoforged.fml.ModLoader/]: Cowardly refusing to send event net.neoforged.neoforge.client.event.sound.SoundEngineLoadEvent to a broken mod state
[086월2024 23:17:07.922] [Render thread/ERROR] [net.neoforged.fml.ModLoader/]: Cowardly refusing to send event net.neoforged.neoforge.client.event.RegisterColorHandlersEvent$Block to a broken mod state
[086월2024 23:17:07.925] [Render thread/ERROR] [net.neoforged.fml.ModLoader/]: Cowardly refusing to send event net.neoforged.neoforge.client.event.RegisterColorHandlersEvent$Item to a broken mod state
[086월2024 23:17:08.009] [Render thread/ERROR] [net.neoforged.fml.ModLoader/]: Cowardly refusing to send event net.neoforged.neoforge.client.event.RegisterRenderBuffersEvent to a broken mod state
[086월2024 23:17:08.119] [Render thread/ERROR] [net.neoforged.fml.ModLoader/]: Cowardly refusing to send event net.neoforged.neoforge.client.event.RegisterParticleProvidersEvent to a broken mod state
[086월2024 23:17:08.168] [Render thread/ERROR] [net.neoforged.fml.ModLoader/]: Cowardly refusing to send event net.neoforged.neoforge.client.event.RenderLevelStageEvent$RegisterStageEvent to a broken mod state
[086월2024 23:17:08.258] [Render thread/ERROR] [net.neoforged.fml.ModLoader/]: Cowardly refusing to send event net.neoforged.neoforge.client.event.RegisterSpriteSourceTypesEvent to a broken mod state
[086월2024 23:17:08.287] [Render thread/ERROR] [net.neoforged.fml.ModLoader/]: Cowardly refusing to send event net.neoforged.neoforge.client.event.RegisterMenuScreensEvent to a broken mod state
[086월2024 23:17:08.287] [Render thread/ERROR] [net.neoforged.fml.ModLoader/]: Cowardly refusing to send event net.neoforged.neoforge.client.event.RegisterClientReloadListenersEvent to a broken mod state
[086월2024 23:17:08.288] [Render thread/ERROR] [net.neoforged.fml.ModLoader/]: Cowardly refusing to send event net.neoforged.neoforge.client.event.EntityRenderersEvent$RegisterLayerDefinitions to a broken mod state
[086월2024 23:17:08.288] [Render thread/ERROR] [net.neoforged.fml.ModLoader/]: Cowardly refusing to send event net.neoforged.neoforge.client.event.EntityRenderersEvent$RegisterRenderers to a broken mod state
[086월2024 23:17:08.289] [Render thread/ERROR] [net.neoforged.fml.ModLoader/]: Cowardly refusing to send event net.neoforged.neoforge.client.event.RegisterClientTooltipComponentFactoriesEvent to a broken mod state
[086월2024 23:17:08.289] [Render thread/ERROR] [net.neoforged.fml.ModLoader/]: Cowardly refusing to send event net.neoforged.neoforge.client.event.RegisterEntitySpectatorShadersEvent to a broken mod state
[086월2024 23:17:08.290] [Render thread/ERROR] [net.neoforged.fml.ModLoader/]: Cowardly refusing to send event net.neoforged.neoforge.client.event.RegisterKeyMappingsEvent to a broken mod state
[086월2024 23:17:08.292] [Render thread/ERROR] [net.neoforged.fml.ModLoader/]: Cowardly refusing to send event net.neoforged.neoforge.client.event.RegisterRecipeBookCategoriesEvent to a broken mod state
[086월2024 23:17:08.292] [Render thread/ERROR] [net.neoforged.fml.ModLoader/]: Cowardly refusing to send event net.neoforged.neoforge.client.event.RegisterGuiLayersEvent to a broken mod state
[086월2024 23:17:08.295] [Render thread/ERROR] [net.neoforged.fml.ModLoader/]: Cowardly refusing to send event net.neoforged.neoforge.client.event.RegisterDimensionSpecialEffectsEvent to a broken mod state
[086월2024 23:17:08.296] [Render thread/ERROR] [net.neoforged.fml.ModLoader/]: Cowardly refusing to send event net.neoforged.neoforge.client.event.RegisterNamedRenderTypesEvent to a broken mod state
[086월2024 23:17:08.297] [Render thread/ERROR] [net.neoforged.fml.ModLoader/]: Cowardly refusing to send event net.neoforged.neoforge.client.event.RegisterColorHandlersEvent$ColorResolvers to a broken mod state
[086월2024 23:17:08.299] [Render thread/ERROR] [net.neoforged.fml.ModLoader/]: Cowardly refusing to send event net.neoforged.neoforge.client.event.RegisterItemDecorationsEvent to a broken mod state
[086월2024 23:17:08.307] [Render thread/ERROR] [net.neoforged.fml.ModLoader/]: Cowardly refusing to send event net.neoforged.neoforge.client.event.RegisterPresetEditorsEvent to a broken mod state
[086월2024 23:17:08.390] [Render thread/INFO] [net.minecraft.server.packs.resources.ReloadableResourceManager/]: Reloading ResourceManager: vanilla
[086월2024 23:17:08.425] [Render thread/ERROR] [net.neoforged.fml.ModLoader/]: Cowardly refusing to send event net.neoforged.neoforge.client.event.ModelEvent$RegisterGeometryLoaders to a broken mod state
[086월2024 23:17:08.490] [Worker-Main-1/INFO] [net.minecraft.client.gui.font.providers.UnihexProvider/]: Found unifont_all_no_pua-15.1.04.hex, loading
[086월2024 23:17:08.905] [Worker-Main-1/INFO] [net.minecraft.client.gui.font.providers.UnihexProvider/]: Found unifont_jp_patch-15.1.04.hex, loading
[086월2024 23:17:09.430] [Worker-Main-5/ERROR] [net.neoforged.fml.ModLoader/]: Cowardly refusing to send event net.neoforged.neoforge.client.event.ModelEvent$RegisterAdditional to a broken mod state
[086월2024 23:17:10.008] [Worker-Main-5/ERROR] [net.neoforged.fml.ModLoader/]: Cowardly refusing to send event net.neoforged.neoforge.client.event.ModelEvent$ModifyBakingResult to a broken mod state
[086월2024 23:17:10.095] [Render thread/WARN] [net.minecraft.client.sounds.SoundEngine/]: Missing sound for event: minecraft:entity.goat.screaming.horn_break
[086월2024 23:17:10.095] [Render thread/WARN] [net.minecraft.client.sounds.SoundEngine/]: Missing sound for event: minecraft:item.goat_horn.play
[086월2024 23:17:10.167] [Render thread/INFO] [com.mojang.blaze3d.audio.Library/]: OpenAL initialized on device OpenAL Soft on 스피커(Realtek High Definition Audio)
[086월2024 23:17:10.168] [Render thread/INFO] [net.minecraft.client.sounds.SoundEngine/SOUNDS]: Sound engine started
[086월2024 23:17:10.168] [Render thread/ERROR] [net.neoforged.fml.ModLoader/]: Cowardly refusing to send event net.neoforged.neoforge.client.event.sound.SoundEngineLoadEvent to a broken mod state
[086월2024 23:17:10.256] [Render thread/INFO] [net.minecraft.client.renderer.texture.TextureAtlas/]: Created: 1024x512x4 minecraft:textures/atlas/blocks.png-atlas
[086월2024 23:17:10.264] [Render thread/ERROR] [net.neoforged.fml.ModLoader/]: Cowardly refusing to send event net.neoforged.neoforge.client.event.TextureAtlasStitchedEvent to a broken mod state
[086월2024 23:17:10.264] [Render thread/INFO] [net.minecraft.client.renderer.texture.TextureAtlas/]: Created: 256x256x4 minecraft:textures/atlas/signs.png-atlas
[086월2024 23:17:10.264] [Render thread/ERROR] [net.neoforged.fml.ModLoader/]: Cowardly refusing to send event net.neoforged.neoforge.client.event.TextureAtlasStitchedEvent to a broken mod state
[086월2024 23:17:10.264] [Render thread/INFO] [net.minecraft.client.renderer.texture.TextureAtlas/]: Created: 512x512x4 minecraft:textures/atlas/shield_patterns.png-atlas
[086월2024 23:17:10.265] [Render thread/ERROR] [net.neoforged.fml.ModLoader/]: Cowardly refusing to send event net.neoforged.neoforge.client.event.TextureAtlasStitchedEvent to a broken mod state
[086월2024 23:17:10.265] [Render thread/INFO] [net.minecraft.client.renderer.texture.TextureAtlas/]: Created: 512x512x4 minecraft:textures/atlas/banner_patterns.png-atlas
[086월2024 23:17:10.265] [Render thread/ERROR] [net.neoforged.fml.ModLoader/]: Cowardly refusing to send event net.neoforged.neoforge.client.event.TextureAtlasStitchedEvent to a broken mod state
[086월2024 23:17:10.265] [Render thread/INFO] [net.minecraft.client.renderer.texture.TextureAtlas/]: Created: 1024x1024x4 minecraft:textures/atlas/armor_trims.png-atlas
[086월2024 23:17:10.268] [Render thread/ERROR] [net.neoforged.fml.ModLoader/]: Cowardly refusing to send event net.neoforged.neoforge.client.event.TextureAtlasStitchedEvent to a broken mod state
[086월2024 23:17:10.269] [Render thread/INFO] [net.minecraft.client.renderer.texture.TextureAtlas/]: Created: 128x64x4 minecraft:textures/atlas/decorated_pot.png-atlas
[086월2024 23:17:10.269] [Render thread/ERROR] [net.neoforged.fml.ModLoader/]: Cowardly refusing to send event net.neoforged.neoforge.client.event.TextureAtlasStitchedEvent to a broken mod state
[086월2024 23:17:10.269] [Render thread/INFO] [net.minecraft.client.renderer.texture.TextureAtlas/]: Created: 256x256x4 minecraft:textures/atlas/chest.png-atlas
[086월2024 23:17:10.269] [Render thread/ERROR] [net.neoforged.fml.ModLoader/]: Cowardly refusing to send event net.neoforged.neoforge.client.event.TextureAtlasStitchedEvent to a broken mod state
[086월2024 23:17:10.269] [Render thread/INFO] [net.minecraft.client.renderer.texture.TextureAtlas/]: Created: 512x256x4 minecraft:textures/atlas/beds.png-atlas
[086월2024 23:17:10.270] [Render thread/ERROR] [net.neoforged.fml.ModLoader/]: Cowardly refusing to send event net.neoforged.neoforge.client.event.TextureAtlasStitchedEvent to a broken mod state
[086월2024 23:17:10.270] [Render thread/INFO] [net.minecraft.client.renderer.texture.TextureAtlas/]: Created: 512x256x4 minecraft:textures/atlas/shulker_boxes.png-atlas
[086월2024 23:17:10.270] [Render thread/ERROR] [net.neoforged.fml.ModLoader/]: Cowardly refusing to send event net.neoforged.neoforge.client.event.TextureAtlasStitchedEvent to a broken mod state
[086월2024 23:17:10.270] [Render thread/ERROR] [net.neoforged.fml.ModLoader/]: Cowardly refusing to send event net.neoforged.neoforge.client.event.ModelEvent$BakingCompleted to a broken mod state
[086월2024 23:17:10.344] [Render thread/ERROR] [net.neoforged.fml.ModLoader/]: Cowardly refusing to send event net.neoforged.neoforge.client.event.EntityRenderersEvent$CreateSkullModels to a broken mod state
[086월2024 23:17:10.347] [Render thread/ERROR] [net.neoforged.fml.ModLoader/]: Cowardly refusing to send event net.neoforged.neoforge.client.event.EntityRenderersEvent$CreateSkullModels to a broken mod state
[086월2024 23:17:10.418] [Render thread/ERROR] [net.neoforged.fml.ModLoader/]: Cowardly refusing to send event net.neoforged.neoforge.client.event.EntityRenderersEvent$CreateSkullModels to a broken mod state
[086월2024 23:17:10.419] [Render thread/ERROR] [net.neoforged.fml.ModLoader/]: Cowardly refusing to send event net.neoforged.neoforge.client.event.EntityRenderersEvent$CreateSkullModels to a broken mod state
[086월2024 23:17:10.422] [Render thread/ERROR] [net.neoforged.fml.ModLoader/]: Cowardly refusing to send event net.neoforged.neoforge.client.event.EntityRenderersEvent$CreateSkullModels to a broken mod state
[086월2024 23:17:10.423] [Render thread/ERROR] [net.neoforged.fml.ModLoader/]: Cowardly refusing to send event net.neoforged.neoforge.client.event.EntityRenderersEvent$CreateSkullModels to a broken mod state
[086월2024 23:17:10.423] [Render thread/ERROR] [net.neoforged.fml.ModLoader/]: Cowardly refusing to send event net.neoforged.neoforge.client.event.EntityRenderersEvent$CreateSkullModels to a broken mod state
[086월2024 23:17:10.426] [Render thread/ERROR] [net.neoforged.fml.ModLoader/]: Cowardly refusing to send event net.neoforged.neoforge.client.event.EntityRenderersEvent$CreateSkullModels to a broken mod state
[086월2024 23:17:10.427] [Render thread/ERROR] [net.neoforged.fml.ModLoader/]: Cowardly refusing to send event net.neoforged.neoforge.client.event.EntityRenderersEvent$CreateSkullModels to a broken mod state
[086월2024 23:17:10.428] [Render thread/ERROR] [net.neoforged.fml.ModLoader/]: Cowardly refusing to send event net.neoforged.neoforge.client.event.EntityRenderersEvent$CreateSkullModels to a broken mod state
[086월2024 23:17:10.429] [Render thread/ERROR] [net.neoforged.fml.ModLoader/]: Cowardly refusing to send event net.neoforged.neoforge.client.event.EntityRenderersEvent$CreateSkullModels to a broken mod state
[086월2024 23:17:10.430] [Render thread/ERROR] [net.neoforged.fml.ModLoader/]: Cowardly refusing to send event net.neoforged.neoforge.client.event.EntityRenderersEvent$CreateSkullModels to a broken mod state
[086월2024 23:17:10.431] [Render thread/ERROR] [net.neoforged.fml.ModLoader/]: Cowardly refusing to send event net.neoforged.neoforge.client.event.EntityRenderersEvent$CreateSkullModels to a broken mod state
[086월2024 23:17:10.433] [Render thread/ERROR] [net.neoforged.fml.ModLoader/]: Cowardly refusing to send event net.neoforged.neoforge.client.event.EntityRenderersEvent$CreateSkullModels to a broken mod state
[086월2024 23:17:10.436] [Render thread/ERROR] [net.neoforged.fml.ModLoader/]: Cowardly refusing to send event net.neoforged.neoforge.client.event.EntityRenderersEvent$CreateSkullModels to a broken mod state
[086월2024 23:17:10.438] [Render thread/ERROR] [net.neoforged.fml.ModLoader/]: Cowardly refusing to send event net.neoforged.neoforge.client.event.EntityRenderersEvent$CreateSkullModels to a broken mod state
[086월2024 23:17:10.438] [Render thread/ERROR] [net.neoforged.fml.ModLoader/]: Cowardly refusing to send event net.neoforged.neoforge.client.event.EntityRenderersEvent$CreateSkullModels to a broken mod state
[086월2024 23:17:10.439] [Render thread/ERROR] [net.neoforged.fml.ModLoader/]: Cowardly refusing to send event net.neoforged.neoforge.client.event.EntityRenderersEvent$CreateSkullModels to a broken mod state
[086월2024 23:17:10.439] [Render thread/ERROR] [net.neoforged.fml.ModLoader/]: Cowardly refusing to send event net.neoforged.neoforge.client.event.EntityRenderersEvent$CreateSkullModels to a broken mod state
[086월2024 23:17:10.440] [Render thread/ERROR] [net.neoforged.fml.ModLoader/]: Cowardly refusing to send event net.neoforged.neoforge.client.event.EntityRenderersEvent$CreateSkullModels to a broken mod state
[086월2024 23:17:10.444] [Render thread/ERROR] [net.neoforged.fml.ModLoader/]: Cowardly refusing to send event net.neoforged.neoforge.client.event.EntityRenderersEvent$CreateSkullModels to a broken mod state
[086월2024 23:17:10.444] [Render thread/ERROR] [net.neoforged.fml.ModLoader/]: Cowardly refusing to send event net.neoforged.neoforge.client.event.EntityRenderersEvent$CreateSkullModels to a broken mod state
[086월2024 23:17:10.444] [Render thread/ERROR] [net.neoforged.fml.ModLoader/]: Cowardly refusing to send event net.neoforged.neoforge.client.event.EntityRenderersEvent$AddLayers to a broken mod state
[086월2024 23:17:10.445] [Render thread/INFO] [net.minecraft.client.renderer.texture.TextureAtlas/]: Created: 512x256x0 minecraft:textures/atlas/particles.png-atlas
[086월2024 23:17:10.445] [Render thread/ERROR] [net.neoforged.fml.ModLoader/]: Cowardly refusing to send event net.neoforged.neoforge.client.event.TextureAtlasStitchedEvent to a broken mod state
[086월2024 23:17:10.446] [Render thread/INFO] [net.minecraft.client.renderer.texture.TextureAtlas/]: Created: 256x256x0 minecraft:textures/atlas/paintings.png-atlas
[086월2024 23:17:10.446] [Render thread/ERROR] [net.neoforged.fml.ModLoader/]: Cowardly refusing to send event net.neoforged.neoforge.client.event.TextureAtlasStitchedEvent to a broken mod state
[086월2024 23:17:10.446] [Render thread/INFO] [net.minecraft.client.renderer.texture.TextureAtlas/]: Created: 256x128x0 minecraft:textures/atlas/mob_effects.png-atlas
[086월2024 23:17:10.447] [Render thread/ERROR] [net.neoforged.fml.ModLoader/]: Cowardly refusing to send event net.neoforged.neoforge.client.event.TextureAtlasStitchedEvent to a broken mod state
[086월2024 23:17:10.447] [Render thread/INFO] [net.minecraft.client.renderer.texture.TextureAtlas/]: Created: 64x64x0 minecraft:textures/atlas/map_decorations.png-atlas
[086월2024 23:17:10.447] [Render thread/ERROR] [net.neoforged.fml.ModLoader/]: Cowardly refusing to send event net.neoforged.neoforge.client.event.TextureAtlasStitchedEvent to a broken mod state
[086월2024 23:17:10.447] [Render thread/INFO] [net.minecraft.client.renderer.texture.TextureAtlas/]: Created: 1024x512x0 minecraft:textures/atlas/gui.png-atlas
[086월2024 23:17:10.448] [Render thread/ERROR] [net.neoforged.fml.ModLoader/]: Cowardly refusing to send event net.neoforged.neoforge.client.event.TextureAtlasStitchedEvent to a broken mod state
[086월2024 23:17:10.473] [Render thread/WARN] [net.minecraft.client.renderer.ShaderInstance/]: Shader rendertype_entity_translucent_emissive could not find sampler named Sampler2 in the specified shader program.
[086월2024 23:17:10.525] [Render thread/ERROR] [net.neoforged.fml.ModLoader/]: Cowardly refusing to send event net.neoforged.neoforge.client.event.RegisterShadersEvent to a broken mod state
[086월2024 23:17:10.638] [Render thread/FATAL] [net.neoforged.neoforge.common.NeoForgeMod/]: Preparing crash report with UUID 31dbd716-015d-47a5-ba86-bae99b1edb4e
[086월2024 23:17:10.638] [Render thread/FATAL] [net.neoforged.neoforge.client.loading.ClientModLoader/]: Crash report saved to .\crash-reports\crash-2024-06-08_23.17.10-fml.txt
[086월2024 23:17:10.640] [Render thread/FATAL] [net.neoforged.neoforge.common.NeoForgeMod/]: Preparing crash report with UUID a536f487-5e2d-4980-bf06-0b20adc63b49
[086월2024 23:17:10.715] [Render thread/ERROR] [net.minecraft.client.Minecraft/FATAL]: Reported exception thrown!
net.minecraft.ReportedException: Rendering overlay
	at TRANSFORMER/minecraft@1.20.6/net.minecraft.client.renderer.GameRenderer.render(GameRenderer.java:1103) ~[neoforge-20.6.75-beta-minecraft-merged-1.20.6-loom.mappings.1_20_6.layered+hash.40545-v2-neoforge-20.6.75-beta.jar%23196!/:?]
	at TRANSFORMER/minecraft@1.20.6/net.minecraft.client.Minecraft.runTick(Minecraft.java:1257) ~[neoforge-20.6.75-beta-minecraft-merged-1.20.6-loom.mappings.1_20_6.layered+hash.40545-v2-neoforge-20.6.75-beta.jar%23196!/:?]
	at TRANSFORMER/minecraft@1.20.6/net.minecraft.client.Minecraft.run(Minecraft.java:815) ~[neoforge-20.6.75-beta-minecraft-merged-1.20.6-loom.mappings.1_20_6.layered+hash.40545-v2-neoforge-20.6.75-beta.jar%23196!/:?]
	at TRANSFORMER/minecraft@1.20.6/net.minecraft.client.main.Main.main(Main.java:244) ~[neoforge-20.6.75-beta-minecraft-merged-1.20.6-loom.mappings.1_20_6.layered+hash.40545-v2-neoforge-20.6.75-beta.jar%23196!/:?]
	at java.base/jdk.internal.reflect.DirectMethodHandleAccessor.invoke(DirectMethodHandleAccessor.java:103) ~[?:?]
	at java.base/java.lang.reflect.Method.invoke(Method.java:580) ~[?:?]
	at MC-BOOTSTRAP/fml_loader@3.0.29/net.neoforged.fml.loading.targets.CommonLaunchHandler.runTarget(CommonLaunchHandler.java:136) ~[loader-3.0.29.jar%23106!/:3.0]
	at MC-BOOTSTRAP/fml_loader@3.0.29/net.neoforged.fml.loading.targets.CommonLaunchHandler.clientService(CommonLaunchHandler.java:124) ~[loader-3.0.29.jar%23106!/:3.0]
	at MC-BOOTSTRAP/fml_loader@3.0.29/net.neoforged.fml.loading.targets.NeoForgeClientUserdevLaunchHandler.runService(NeoForgeClientUserdevLaunchHandler.java:23) ~[loader-3.0.29.jar%23106!/:3.0]
	at MC-BOOTSTRAP/fml_loader@3.0.29/net.neoforged.fml.loading.targets.CommonLaunchHandler.lambda$launchService$4(CommonLaunchHandler.java:118) ~[loader-3.0.29.jar%23106!/:3.0]
	at MC-BOOTSTRAP/cpw.mods.modlauncher@11.0.2/cpw.mods.modlauncher.LaunchServiceHandlerDecorator.launch(LaunchServiceHandlerDecorator.java:30) [modlauncher-11.0.2.jar%23108!/:?]
	at MC-BOOTSTRAP/cpw.mods.modlauncher@11.0.2/cpw.mods.modlauncher.LaunchServiceHandler.launch(LaunchServiceHandler.java:53) [modlauncher-11.0.2.jar%23108!/:?]
	at MC-BOOTSTRAP/cpw.mods.modlauncher@11.0.2/cpw.mods.modlauncher.LaunchServiceHandler.launch(LaunchServiceHandler.java:71) [modlauncher-11.0.2.jar%23108!/:?]
	at MC-BOOTSTRAP/cpw.mods.modlauncher@11.0.2/cpw.mods.modlauncher.Launcher.run(Launcher.java:103) [modlauncher-11.0.2.jar%23108!/:?]
	at MC-BOOTSTRAP/cpw.mods.modlauncher@11.0.2/cpw.mods.modlauncher.Launcher.main(Launcher.java:74) [modlauncher-11.0.2.jar%23108!/:?]
	at MC-BOOTSTRAP/cpw.mods.modlauncher@11.0.2/cpw.mods.modlauncher.BootstrapLaunchConsumer.accept(BootstrapLaunchConsumer.java:26) [modlauncher-11.0.2.jar%23108!/:?]
	at MC-BOOTSTRAP/cpw.mods.modlauncher@11.0.2/cpw.mods.modlauncher.BootstrapLaunchConsumer.accept(BootstrapLaunchConsumer.java:23) [modlauncher-11.0.2.jar%23108!/:?]
	at cpw.mods.bootstraplauncher.BootstrapLauncher.run(BootstrapLauncher.java:176) [bootstraplauncher-2.0.0.jar:2.0.0+main.390b0157]
	at cpw.mods.bootstraplauncher.BootstrapLauncher.main(BootstrapLauncher.java:65) [bootstraplauncher-2.0.0.jar:2.0.0+main.390b0157]
	at net.fabricmc.devlaunchinjector.Main.main(Main.java:86) [dev-launch-injector-0.2.1+build.8.jar:?]
	at dev.architectury.transformer.TransformerRuntime.main(TransformerRuntime.java:219) [architectury-transformer-5.2.83-runtime.jar:5.2.83]
Caused by: java.lang.ClassCastException: class java.lang.String cannot be cast to class java.lang.Throwable (java.lang.String and java.lang.Throwable are in module java.base of loader 'bootstrap')
	at MC-BOOTSTRAP/fml_loader@3.0.29/net.neoforged.fml.i18n.FMLTranslations.parseException(FMLTranslations.java:63) ~[loader-3.0.29.jar%23106!/:3.0]
	at MC-BOOTSTRAP/fml_loader@3.0.29/net.neoforged.fml.i18n.FMLTranslations.lambda$static$6(FMLTranslations.java:47) ~[loader-3.0.29.jar%23106!/:3.0]
	at MC-BOOTSTRAP/fml_loader@3.0.29/net.neoforged.fml.i18n.FMLTranslations$CustomReadOnlyFormat.format(FMLTranslations.java:136) ~[loader-3.0.29.jar%23106!/:3.0]
	at java.base/java.text.Format.format(Format.java:159) ~[?:?]
	at java.base/java.text.MessageFormat.subformat(MessageFormat.java:1372) ~[?:?]
	at java.base/java.text.MessageFormat.format(MessageFormat.java:911) ~[?:?]
	at java.base/java.text.Format.format(Format.java:159) ~[?:?]
	at MC-BOOTSTRAP/fml_loader@3.0.29/net.neoforged.fml.i18n.FMLTranslations.parseFormat(FMLTranslations.java:120) ~[loader-3.0.29.jar%23106!/:3.0]
	at MC-BOOTSTRAP/fml_loader@3.0.29/net.neoforged.fml.i18n.FMLTranslations.parseMessageWithFallback(FMLTranslations.java:92) ~[loader-3.0.29.jar%23106!/:3.0]
	at MC-BOOTSTRAP/fml_loader@3.0.29/net.neoforged.fml.i18n.FMLTranslations.parseMessage(FMLTranslations.java:86) ~[loader-3.0.29.jar%23106!/:3.0]
	at TRANSFORMER/neoforge@20.6.75-beta/net.neoforged.neoforge.client.gui.LoadingErrorScreen$FormattedIssue.of(LoadingErrorScreen.java:166) ~[neoforge-20.6.75-beta-minecraft-merged-1.20.6-loom.mappings.1_20_6.layered+hash.40545-v2-neoforge-20.6.75-beta.jar%23197!/:?]
	at java.base/java.util.stream.ReferencePipeline$3$1.accept(ReferencePipeline.java:197) ~[?:?]
	at java.base/java.util.stream.ReferencePipeline$2$1.accept(ReferencePipeline.java:179) ~[?:?]
	at java.base/java.util.ArrayList$ArrayListSpliterator.forEachRemaining(ArrayList.java:1708) ~[?:?]
	at java.base/java.util.stream.AbstractPipeline.copyInto(AbstractPipeline.java:509) ~[?:?]
	at java.base/java.util.stream.AbstractPipeline.wrapAndCopyInto(AbstractPipeline.java:499) ~[?:?]
	at java.base/java.util.stream.AbstractPipeline.evaluate(AbstractPipeline.java:575) ~[?:?]
	at java.base/java.util.stream.AbstractPipeline.evaluateToArrayNode(AbstractPipeline.java:260) ~[?:?]
	at java.base/java.util.stream.ReferencePipeline.toArray(ReferencePipeline.java:616) ~[?:?]
	at java.base/java.util.stream.ReferencePipeline.toArray(ReferencePipeline.java:622) ~[?:?]
	at java.base/java.util.stream.ReferencePipeline.toList(ReferencePipeline.java:627) ~[?:?]
	at TRANSFORMER/neoforge@20.6.75-beta/net.neoforged.neoforge.client.gui.LoadingErrorScreen.<init>(LoadingErrorScreen.java:55) ~[neoforge-20.6.75-beta-minecraft-merged-1.20.6-loom.mappings.1_20_6.layered+hash.40545-v2-neoforge-20.6.75-beta.jar%23197!/:?]
	at TRANSFORMER/neoforge@20.6.75-beta/net.neoforged.neoforge.client.loading.ClientModLoader.completeModLoading(ClientModLoader.java:130) ~[neoforge-20.6.75-beta-minecraft-merged-1.20.6-loom.mappings.1_20_6.layered+hash.40545-v2-neoforge-20.6.75-beta.jar%23197!/:?]
	at TRANSFORMER/minecraft@1.20.6/net.minecraft.client.Minecraft.buildInitialScreens(Minecraft.java:678) ~[neoforge-20.6.75-beta-minecraft-merged-1.20.6-loom.mappings.1_20_6.layered+hash.40545-v2-neoforge-20.6.75-beta.jar%23196!/:?]
	at TRANSFORMER/minecraft@1.20.6/net.minecraft.client.Minecraft.onGameLoadFinished(Minecraft.java:651) ~[neoforge-20.6.75-beta-minecraft-merged-1.20.6-loom.mappings.1_20_6.layered+hash.40545-v2-neoforge-20.6.75-beta.jar%23196!/:?]
	at TRANSFORMER/minecraft@1.20.6/net.minecraft.client.Minecraft.onResourceLoadFinished(Minecraft.java:646) ~[neoforge-20.6.75-beta-minecraft-merged-1.20.6-loom.mappings.1_20_6.layered+hash.40545-v2-neoforge-20.6.75-beta.jar%23196!/:?]
	at TRANSFORMER/minecraft@1.20.6/net.minecraft.client.Minecraft.lambda$new$6(Minecraft.java:634) ~[neoforge-20.6.75-beta-minecraft-merged-1.20.6-loom.mappings.1_20_6.layered+hash.40545-v2-neoforge-20.6.75-beta.jar%23196!/:?]
	at TRANSFORMER/minecraft@1.20.6/net.minecraft.Util.ifElse(Util.java:475) ~[neoforge-20.6.75-beta-minecraft-merged-1.20.6-loom.mappings.1_20_6.layered+hash.40545-v2-neoforge-20.6.75-beta.jar%23196!/:?]
	at TRANSFORMER/minecraft@1.20.6/net.minecraft.client.Minecraft.lambda$new$7(Minecraft.java:628) ~[neoforge-20.6.75-beta-minecraft-merged-1.20.6-loom.mappings.1_20_6.layered+hash.40545-v2-neoforge-20.6.75-beta.jar%23196!/:?]
	at TRANSFORMER/neoforge@20.6.75-beta/net.neoforged.neoforge.client.loading.NeoForgeLoadingOverlay.render(NeoForgeLoadingOverlay.java:146) ~[neoforge-20.6.75-beta-minecraft-merged-1.20.6-loom.mappings.1_20_6.layered+hash.40545-v2-neoforge-20.6.75-beta.jar%23197!/:?]
	at TRANSFORMER/minecraft@1.20.6/net.minecraft.client.renderer.GameRenderer.render(GameRenderer.java:1098) ~[neoforge-20.6.75-beta-minecraft-merged-1.20.6-loom.mappings.1_20_6.layered+hash.40545-v2-neoforge-20.6.75-beta.jar%23196!/:?]
	... 20 more
[086월2024 23:17:11.103] [Render thread/FATAL] [net.neoforged.neoforge.common.NeoForgeMod/]: Preparing crash report with UUID e64b3cf0-5b92-4108-97be-017c44a2b972
[086월2024 23:17:11.120] [Render thread/FATAL] [net.neoforged.neoforge.common.NeoForgeMod/]: Preparing crash report with UUID fb6a53e8-cf42-4fb6-8fab-837373cbf266
