[11:32:18] [main/INFO] (FabricLoader/GameProvider) Loading Minecraft 1.20.6 with Fabric Loader 0.15.11
[11:32:19] [main/INFO] (FabricLoader) Loading 57 mods:
	- architectury 12.1.2
	- fabric-api 0.99.4+1.20.6
	- fabric-api-base 0.4.40+80f8cf51b0
	- fabric-api-lookup-api-v1 1.6.59+e9d2a72bb0
	- fabric-biome-api-v1 13.0.25+be5d88beb0
	- fabric-block-api-v1 1.0.20+6dfe4c9bb0
	- fabric-block-view-api-v2 1.0.8+80f8cf51b0
	- fabric-blockrenderlayer-v1 1.1.50+80f8cf51b0
	- fabric-client-tags-api-v1 1.1.12+7f945d5bb0
	- fabric-command-api-v1 1.2.45+f71b366fb0
	- fabric-command-api-v2 2.2.24+80f8cf51b0
	- fabric-commands-v0 0.2.62+df3654b3b0
	- fabric-content-registries-v0 8.0.5+b82b2392b0
	- fabric-convention-tags-v1 2.0.5+7f945d5bb0
	- fabric-convention-tags-v2 2.1.1+4152abe8b0
	- fabric-crash-report-info-v1 0.2.27+80f8cf51b0
	- fabric-data-attachment-api-v1 1.1.16+2a2c66b6b0
	- fabric-data-generation-api-v1 19.2.1+a5d5299db0
	- fabric-dimensions-v1 2.1.68+94793913b0
	- fabric-entity-events-v1 1.6.8+e9d2a72bb0
	- fabric-events-interaction-v0 0.7.6+c5fc38b3b0
	- fabric-game-rule-api-v1 1.0.50+80f8cf51b0
	- fabric-gametest-api-v1 1.3.17+1172e897b0
	- fabric-item-api-v1 8.2.3+6e5bbc4ab0
	- fabric-item-group-api-v1 4.0.39+aae0949ab0
	- fabric-key-binding-api-v1 1.0.45+80f8cf51b0
	- fabric-keybindings-v0 0.2.43+df3654b3b0
	- fabric-lifecycle-events-v1 2.3.4+c5fc38b3b0
	- fabric-loot-api-v2 3.0.5+97f703dab0
	- fabric-message-api-v1 6.0.11+a7dc0e41b0
	- fabric-model-loading-api-v1 1.0.12+80f8cf51b0
	- fabric-models-v0 0.4.11+9386d8a7b0
	- fabric-networking-api-v1 4.0.8+0dca0349b0
	- fabric-object-builder-api-v1 15.1.4+c5fc38b3b0
	- fabric-particles-v1 4.0.0+c5fc38b3b0
	- fabric-recipe-api-v1 5.0.3+c5fc38b3b0
	- fabric-registry-sync-v0 5.0.16+ad474493b0
	- fabric-renderer-api-v1 3.2.12+97f703dab0
	- fabric-renderer-indigo 1.5.13+8d125e3bb0
	- fabric-renderer-registries-v1 3.2.61+df3654b3b0
	- fabric-rendering-data-attachment-v1 0.3.46+73761d2eb0
	- fabric-rendering-fluids-v1 3.1.3+2c869dedb0
	- fabric-rendering-v0 1.1.64+df3654b3b0
	- fabric-rendering-v1 4.2.4+b21c00cbb0
	- fabric-resource-conditions-api-v1 4.2.0+a5d5299db0
	- fabric-resource-loader-v0 1.1.0+c0e5481fb0
	- fabric-screen-api-v1 2.0.21+7b70ea8ab0
	- fabric-screen-handler-api-v1 1.3.73+8c7b71c2b0
	- fabric-sound-api-v1 1.0.21+c5fc38b3b0
	- fabric-transfer-api-v1 5.1.6+c5fc38b3b0
	- fabric-transitive-access-wideners-v1 6.0.10+74e2f560b0
	- fabricloader 0.15.11
	- generated_951e42c 1.0.0
	- java 21
	- minecraft 1.20.6
	- mixinextras 0.3.5
	- rfm 1.0.0
[11:32:19] [main/INFO] (FabricLoader/Mixin) SpongePowered MIXIN Subsystem Version=0.8.5 Source=file:/C:/Users/mimic/.gradle/caches/modules-2/files-2.1/net.fabricmc/sponge-mixin/0.13.3+mixin.0.8.5/9527e6b0d2449408958fd1302594dc65ec5ade9c/sponge-mixin-0.13.3+mixin.0.8.5.jar Service=Knot/Fabric Env=CLIENT
[11:32:19] [main/INFO] (FabricLoader/Mixin) Loaded Fabric development mappings for mixin remapper!
[11:32:19] [main/INFO] (FabricLoader/Mixin) Compatibility level set to JAVA_17
[11:32:19] [main/INFO] (FabricLoader/Mixin) Compatibility level set to JAVA_21
[11:32:21] [main/INFO] (FabricLoader/MixinExtras|Service) Initializing MixinExtras via com.llamalad7.mixinextras.service.MixinExtrasServiceImpl(version=0.3.5).
[11:32:27] [Datafixer Bootstrap/INFO] (Minecraft) 222 Datafixer optimizations took 276 milliseconds
[11:32:30] [Render thread/INFO] (Minecraft) Environment: Environment[sessionHost=https://sessionserver.mojang.com, servicesHost=https://api.minecraftservices.com, name=PROD]
[11:32:30] [Render thread/INFO] (Minecraft) Setting user: Player98
[11:32:31] [Render thread/INFO] (Indigo) [Indigo] Registering Indigo renderer!
[11:32:31] [Render thread/INFO] (NetworkManagerImpl) Registering S2C receiver with id architectury:spawn_entity_packet
[11:32:31] [Render thread/INFO] (Minecraft) Backend library: LWJGL version 3.3.3-snapshot
[11:32:33] [Render thread/INFO] (Minecraft) Reloading ResourceManager: vanilla, fabric, fabric-api, fabric-api-base, fabric-api-lookup-api-v1, fabric-biome-api-v1, fabric-block-api-v1, fabric-block-view-api-v2, fabric-blockrenderlayer-v1, fabric-client-tags-api-v1, fabric-command-api-v1, fabric-command-api-v2, fabric-commands-v0, fabric-content-registries-v0, fabric-convention-tags-v1, fabric-convention-tags-v2, fabric-crash-report-info-v1, fabric-data-attachment-api-v1, fabric-data-generation-api-v1, fabric-dimensions-v1, fabric-entity-events-v1, fabric-events-interaction-v0, fabric-game-rule-api-v1, fabric-gametest-api-v1, fabric-item-api-v1, fabric-item-group-api-v1, fabric-key-binding-api-v1, fabric-keybindings-v0, fabric-lifecycle-events-v1, fabric-loot-api-v2, fabric-message-api-v1, fabric-model-loading-api-v1, fabric-models-v0, fabric-networking-api-v1, fabric-object-builder-api-v1, fabric-particles-v1, fabric-recipe-api-v1, fabric-registry-sync-v0, fabric-renderer-api-v1, fabric-renderer-indigo, fabric-renderer-registries-v1, fabric-rendering-data-attachment-v1, fabric-rendering-fluids-v1, fabric-rendering-v0, fabric-rendering-v1, fabric-resource-conditions-api-v1, fabric-resource-loader-v0, fabric-screen-api-v1, fabric-screen-handler-api-v1, fabric-sound-api-v1, fabric-transfer-api-v1, fabric-transitive-access-wideners-v1, fabricloader, generated_951e42c
[11:32:33] [Worker-Main-3/INFO] (Minecraft) Found unifont_all_no_pua-15.1.04.hex, loading
[11:32:33] [Worker-Main-4/INFO] (Minecraft) Found unifont_jp_patch-15.1.04.hex, loading
[11:32:34] [Worker-Main-5/WARN] (Minecraft) Exception loading blockstate definition: 'rfm:blockstates/favorite_ore.json' missing model for variant: 'rfm:favorite_ore#'
[11:32:34] [Worker-Main-5/WARN] (Minecraft) Unable to load model: 'rfm:fire_pit#inventory' referenced from: rfm:fire_pit#inventory: java.io.FileNotFoundException: rfm:models/item/fire_pit.json
[11:32:34] [Worker-Main-5/WARN] (Minecraft) Unable to load model: 'rfm:favorite_ore#inventory' referenced from: rfm:favorite_ore#inventory: java.io.FileNotFoundException: rfm:models/item/favorite_ore.json
[11:32:34] [Render thread/WARN] (Minecraft) Missing sound for event: minecraft:item.goat_horn.play
[11:32:34] [Render thread/WARN] (Minecraft) Missing sound for event: minecraft:entity.goat.screaming.horn_break
[11:32:34] [Render thread/INFO] (Minecraft) OpenAL initialized on device OpenAL Soft on 스피커(Realtek High Definition Audio)
[11:32:34] [Render thread/INFO] (Minecraft) Sound engine started
[11:32:34] [Render thread/INFO] (Minecraft) Created: 1024x512x4 minecraft:textures/atlas/blocks.png-atlas
[11:32:34] [Render thread/INFO] (Minecraft) Created: 256x256x4 minecraft:textures/atlas/signs.png-atlas
[11:32:34] [Render thread/INFO] (Minecraft) Created: 512x512x4 minecraft:textures/atlas/banner_patterns.png-atlas
[11:32:34] [Render thread/INFO] (Minecraft) Created: 512x512x4 minecraft:textures/atlas/shield_patterns.png-atlas
[11:32:34] [Render thread/INFO] (Minecraft) Created: 1024x1024x4 minecraft:textures/atlas/armor_trims.png-atlas
[11:32:34] [Render thread/INFO] (Minecraft) Created: 256x256x4 minecraft:textures/atlas/chest.png-atlas
[11:32:34] [Render thread/INFO] (Minecraft) Created: 128x64x4 minecraft:textures/atlas/decorated_pot.png-atlas
[11:32:34] [Render thread/INFO] (Minecraft) Created: 512x256x4 minecraft:textures/atlas/beds.png-atlas
[11:32:34] [Render thread/INFO] (Minecraft) Created: 512x256x4 minecraft:textures/atlas/shulker_boxes.png-atlas
[11:32:35] [Render thread/INFO] (Minecraft) Created: 512x256x0 minecraft:textures/atlas/particles.png-atlas
[11:32:35] [Render thread/INFO] (Minecraft) Created: 256x256x0 minecraft:textures/atlas/paintings.png-atlas
[11:32:35] [Render thread/INFO] (Minecraft) Created: 256x128x0 minecraft:textures/atlas/mob_effects.png-atlas
[11:32:35] [Render thread/INFO] (Minecraft) Created: 64x64x0 minecraft:textures/atlas/map_decorations.png-atlas
[11:32:35] [Render thread/INFO] (Minecraft) Created: 1024x512x0 minecraft:textures/atlas/gui.png-atlas
[11:32:35] [Render thread/WARN] (Minecraft) Shader rendertype_entity_translucent_emissive could not find sampler named Sampler2 in the specified shader program.
[11:35:39] [Render thread/INFO] (Minecraft) Loaded 1175 recipes
[11:35:39] [Render thread/INFO] (Minecraft) Loaded 1276 advancements
[11:35:40] [Render thread/INFO] (BiomeModificationImpl) Applied 0 biome modifications to 0 of 64 new biomes in 2.196 ms
[11:35:40] [Server thread/INFO] (Minecraft) Starting integrated minecraft server version 1.20.6
[11:35:40] [Server thread/INFO] (Minecraft) Generating keypair
[11:35:41] [Server thread/INFO] (Minecraft) Preparing start region for dimension minecraft:overworld
[11:35:42] [Render thread/INFO] (Minecraft) 스폰 영역 준비 중: 0%
[11:35:42] [Render thread/INFO] (Minecraft) 스폰 영역 준비 중: 0%
[11:35:42] [Render thread/INFO] (Minecraft) Time elapsed: 974 ms
[11:35:42] [Server thread/INFO] (Minecraft) Changing view distance to 12, from 10
[11:35:42] [Server thread/INFO] (Minecraft) Changing simulation distance to 12, from 0
[11:35:43] [Server thread/INFO] (Minecraft) Player98[local:E:cf20ec19] logged in with entity id 5 at (-43.632759371165676, 71.0, -239.0523835801228)
[11:35:43] [Server thread/INFO] (Minecraft) Player98이(가) 게임에 참여했습니다
[11:35:44] [Render thread/INFO] (Minecraft) Loaded 2 advancements
[11:35:44] [Server thread/INFO] (Minecraft) Saving and pausing game...
[11:35:44] [Server thread/INFO] (Minecraft) Saving chunks for level 'ServerLevel[새로운 세계]'/minecraft:overworld
[11:35:44] [Server thread/INFO] (Minecraft) Saving chunks for level 'ServerLevel[새로운 세계]'/minecraft:the_end
[11:35:44] [Server thread/INFO] (Minecraft) Saving chunks for level 'ServerLevel[새로운 세계]'/minecraft:the_nether
[11:48:30] [Render thread/INFO] (Minecraft) Loaded 3 advancements
[11:48:33] [Server thread/INFO] (Minecraft) [Player98: 시간을 1000(으)로 설정했습니다]
[11:48:33] [Render thread/INFO] (Minecraft) [System] [CHAT] 시간을 1000(으)로 설정했습니다
[11:50:54] [Render thread/INFO] (Minecraft) Loaded 4 advancements
[11:58:11] [Render thread/INFO] (Minecraft) Loaded 13 advancements
[11:59:52] [Render thread/INFO] (Minecraft) Loaded 33 advancements
[12:02:31] [Server thread/INFO] (Minecraft) Saving and pausing game...
[12:02:31] [Server thread/INFO] (Minecraft) Saving chunks for level 'ServerLevel[새로운 세계]'/minecraft:overworld
[12:02:31] [Server thread/INFO] (Minecraft) Saving chunks for level 'ServerLevel[새로운 세계]'/minecraft:the_end
[12:02:31] [Server thread/INFO] (Minecraft) Saving chunks for level 'ServerLevel[새로운 세계]'/minecraft:the_nether
[12:04:25] [Server thread/INFO] (Minecraft) Saving and pausing game...
[12:04:25] [Server thread/INFO] (Minecraft) Saving chunks for level 'ServerLevel[새로운 세계]'/minecraft:overworld
[12:04:25] [Server thread/INFO] (Minecraft) Saving chunks for level 'ServerLevel[새로운 세계]'/minecraft:the_end
[12:04:25] [Server thread/INFO] (Minecraft) Saving chunks for level 'ServerLevel[새로운 세계]'/minecraft:the_nether
[12:28:36] [Server thread/INFO] (Minecraft) Saving and pausing game...
[12:28:36] [Server thread/INFO] (Minecraft) Saving chunks for level 'ServerLevel[새로운 세계]'/minecraft:overworld
[12:28:36] [Server thread/INFO] (Minecraft) Saving chunks for level 'ServerLevel[새로운 세계]'/minecraft:the_end
[12:28:36] [Server thread/INFO] (Minecraft) Saving chunks for level 'ServerLevel[새로운 세계]'/minecraft:the_nether
[12:30:52] [Server thread/INFO] (Minecraft) Saving and pausing game...
[12:30:52] [Server thread/INFO] (Minecraft) Saving chunks for level 'ServerLevel[새로운 세계]'/minecraft:overworld
[12:30:52] [Server thread/INFO] (Minecraft) Saving chunks for level 'ServerLevel[새로운 세계]'/minecraft:the_end
[12:30:52] [Server thread/INFO] (Minecraft) Saving chunks for level 'ServerLevel[새로운 세계]'/minecraft:the_nether
[12:36:39] [Server thread/INFO] (Minecraft) Player98 lost connection: 연결 끊김
[12:36:39] [Server thread/INFO] (Minecraft) Player98이(가) 게임을 떠났습니다
[12:36:39] [Server thread/INFO] (Minecraft) Stopping singleplayer server as player logged out
[12:36:39] [Server thread/INFO] (Minecraft) Stopping server
[12:36:39] [Server thread/INFO] (Minecraft) Saving players
[12:36:39] [Server thread/INFO] (Minecraft) Saving worlds
[12:36:39] [Server thread/INFO] (Minecraft) Saving chunks for level 'ServerLevel[새로운 세계]'/minecraft:overworld
[12:36:39] [Server thread/INFO] (Minecraft) Saving chunks for level 'ServerLevel[새로운 세계]'/minecraft:the_end
[12:36:39] [Server thread/INFO] (Minecraft) Saving chunks for level 'ServerLevel[새로운 세계]'/minecraft:the_nether
[12:36:39] [Server thread/INFO] (Minecraft) ThreadedAnvilChunkStorage (새로운 세계): All chunks are saved
[12:36:39] [Server thread/INFO] (Minecraft) ThreadedAnvilChunkStorage (DIM1): All chunks are saved
[12:36:39] [Server thread/INFO] (Minecraft) ThreadedAnvilChunkStorage (DIM-1): All chunks are saved
[12:36:39] [Server thread/INFO] (Minecraft) ThreadedAnvilChunkStorage: All dimensions are saved
[12:36:40] [Render thread/INFO] (Minecraft) Stopping!
